<?xml version="1.0" encoding="UTF-8"?>
<!-- Generated by org.testng.reporters.JUnitReportReporter -->
<testsuite skipped="1" hostname="DESKTOP-LV7CQHA" name="testSuite.FirstTestSet" tests="2" failures="0" timestamp="16 авг 2018 10:54:35 GMT" time="13.011" errors="0">
  <testcase name="logInWithEmail" time="13.011" classname="testSuite.FirstTestSet"/>
  <testcase name="loginViaFacebook" classname="testSuite.FirstTestSet">
    <skipped/>
  </testcase> <!-- loginViaFacebook -->
</testsuite> <!-- testSuite.FirstTestSet -->
